[2018-09-30 21:55:02] alias_create_execute
alias_create_execute () 
{ 
    for _path in "$rvm_rubies_path" "$rvm_gems_path" "$rvm_environments_path" "$rvm_wrappers_path";
    do
        if [[ -L "$_path/$alias_name" ]]; then
            \command \rm -fv "$_path/$alias_name" || return $?;
        fi;
        \command \ln -fs "$_path/$rvm_ruby_string" "$_path/$alias_name" || return $?;
    done;
    __rvm_db_ "$rvm_path/config/alias" "$alias_name" "$rvm_ruby_string"
}
current path: /home/redmine
GEM_HOME=/home/redmine/.rvm/gems/ruby-2.5.1
PATH=/home/redmine/.rvm/gems/ruby-2.5.1/bin:/home/redmine/.rvm/gems/ruby-2.5.1@global/bin:/home/redmine/.rvm/rubies/ruby-2.5.1/bin:/home/redmine/.rvm/bin:/usr/local/bin:/bin:/usr/bin:/usr/local/sbin:/usr/sbin:/sbin:/home/redmine/bin
GEM_PATH=/home/redmine/.rvm/gems/ruby-2.5.1:/home/redmine/.rvm/gems/ruby-2.5.1@global
command(1): alias_create_execute
+ for _path in '"$rvm_rubies_path"' '"$rvm_gems_path"' '"$rvm_environments_path"' '"$rvm_wrappers_path"'
+ [[ -L /home/redmine/.rvm/rubies/default ]]
+ command ln -fs /home/redmine/.rvm/rubies/ruby-2.5.1 /home/redmine/.rvm/rubies/default
+ ln -fs /home/redmine/.rvm/rubies/ruby-2.5.1 /home/redmine/.rvm/rubies/default
+ for _path in '"$rvm_rubies_path"' '"$rvm_gems_path"' '"$rvm_environments_path"' '"$rvm_wrappers_path"'
+ [[ -L /home/redmine/.rvm/gems/default ]]
+ command ln -fs /home/redmine/.rvm/gems/ruby-2.5.1 /home/redmine/.rvm/gems/default
+ ln -fs /home/redmine/.rvm/gems/ruby-2.5.1 /home/redmine/.rvm/gems/default
+ for _path in '"$rvm_rubies_path"' '"$rvm_gems_path"' '"$rvm_environments_path"' '"$rvm_wrappers_path"'
+ [[ -L /home/redmine/.rvm/environments/default ]]
+ command ln -fs /home/redmine/.rvm/environments/ruby-2.5.1 /home/redmine/.rvm/environments/default
+ ln -fs /home/redmine/.rvm/environments/ruby-2.5.1 /home/redmine/.rvm/environments/default
+ for _path in '"$rvm_rubies_path"' '"$rvm_gems_path"' '"$rvm_environments_path"' '"$rvm_wrappers_path"'
+ [[ -L /home/redmine/.rvm/wrappers/default ]]
+ command ln -fs /home/redmine/.rvm/wrappers/ruby-2.5.1 /home/redmine/.rvm/wrappers/default
+ ln -fs /home/redmine/.rvm/wrappers/ruby-2.5.1 /home/redmine/.rvm/wrappers/default
+ __rvm_db_ /home/redmine/.rvm/config/alias default ruby-2.5.1
+ typeset __db __key __value
+ __db=/home/redmine/.rvm/config/alias
+ __key=default
+ shift 2
+ __value=ruby-2.5.1
+ case "${__value}" in
+ __rvm_db_add /home/redmine/.rvm/config/alias default ruby-2.5.1
+ typeset __dir=/home/redmine/.rvm/config
+ [[ -f /home/redmine/.rvm/config/alias ]]
+ __rvm_db_remove /home/redmine/.rvm/config/alias default
+ [[ -f /home/redmine/.rvm/config/alias ]]
+ __rvm_sed -e '\#^default=# d' -e '/^$/d' /home/redmine/.rvm/config/alias
+ sed -e '\#^default=# d' -e '/^$/d' /home/redmine/.rvm/config/alias
+ command mv -f /home/redmine/.rvm/config/alias.new /home/redmine/.rvm/config/alias
+ mv -f /home/redmine/.rvm/config/alias.new /home/redmine/.rvm/config/alias
+ printf '%b=%b\n' default ruby-2.5.1
