[2018-09-30 21:48:27] requirements_centos_libs_install
requirements_centos_libs_install () 
{ 
    __rvm_try_sudo yum install -y "$@" || return $?
}
current path: /home/redmine
PATH=/usr/local/bin:/bin:/usr/bin:/usr/local/sbin:/usr/sbin:/sbin:/home/redmine/bin:/home/redmine/.rvm/bin
command(15): requirements_centos_libs_install patch autoconf automake bison gcc-c++ libffi-devel libtool patch readline-devel sqlite-devel zlib-devel glibc-headers glibc-devel openssl-devel
++ __rvm_try_sudo yum install -y patch autoconf automake bison gcc-c++ libffi-devel libtool patch readline-devel sqlite-devel zlib-devel glibc-headers glibc-devel openssl-devel
++ typeset -a command_to_run
++ typeset sudo_path sbin_path missing_paths
++ command_to_run=("$@")
++ ((  UID == 0  ))
++ case "$rvm_autolibs_flag_number" in
++ is_a_function __rvm_sudo
++ typeset -f __rvm_sudo
++ missing_paths=
++ for sbin_path in /sbin /usr/sbin /usr/local/sbin
++ [[ -d /sbin ]]
++ [[ :/usr/local/bin:/bin:/usr/bin:/usr/local/sbin:/usr/sbin:/sbin:/home/redmine/bin:/home/redmine/.rvm/bin: != *\:\/\s\b\i\n\:* ]]
++ for sbin_path in /sbin /usr/sbin /usr/local/sbin
++ [[ -d /usr/sbin ]]
++ [[ :/usr/local/bin:/bin:/usr/bin:/usr/local/sbin:/usr/sbin:/sbin:/home/redmine/bin:/home/redmine/.rvm/bin: != *\:\/\u\s\r\/\s\b\i\n\:* ]]
++ for sbin_path in /sbin /usr/sbin /usr/local/sbin
++ [[ -d /usr/local/sbin ]]
++ [[ :/usr/local/bin:/bin:/usr/bin:/usr/local/sbin:/usr/sbin:/sbin:/home/redmine/bin:/home/redmine/.rvm/bin: != *\:\/\u\s\r\/\l\o\c\a\l\/\s\b\i\n\:* ]]
++ [[ -n '' ]]
++ command_to_run=(__rvm_sudo -p "%p password required for '$*': " "${command_to_run[@]}")
++ __rvm_sudo -p '%p password required for '\''yum install -y patch autoconf automake bison gcc-c++ libffi-devel libtool patch readline-devel sqlite-devel zlib-devel glibc-headers glibc-devel openssl-devel'\'': ' yum install -y patch autoconf automake bison gcc-c++ libffi-devel libtool patch readline-devel sqlite-devel zlib-devel glibc-headers glibc-devel openssl-devel
++ command sudo -p '%p password required for '\''yum install -y patch autoconf automake bison gcc-c++ libffi-devel libtool patch readline-devel sqlite-devel zlib-devel glibc-headers glibc-devel openssl-devel'\'': ' yum install -y patch autoconf automake bison gcc-c++ libffi-devel libtool patch readline-devel sqlite-devel zlib-devel glibc-headers glibc-devel openssl-devel
++ sudo -p '%p password required for '\''yum install -y patch autoconf automake bison gcc-c++ libffi-devel libtool patch readline-devel sqlite-devel zlib-devel glibc-headers glibc-devel openssl-devel'\'': ' yum install -y patch autoconf automake bison gcc-c++ libffi-devel libtool patch readline-devel sqlite-devel zlib-devel glibc-headers glibc-devel openssl-devel

We trust you have received the usual lecture from the local System
Administrator. It usually boils down to these three things:

    #1) Respect the privacy of others.
    #2) Think before you type.
    #3) With great power comes great responsibility.

