[2018-09-30 21:55:00] run_gem_wrappers
run_gem_wrappers () 
{ 
    gem_install gem-wrappers > /dev/null && gem wrappers "$@" || return $?
}
current path: /home/redmine/.rvm/src/ruby-2.5.1
GEM_HOME=/home/redmine/.rvm/gems/ruby-2.5.1
PATH=/home/redmine/.rvm/gems/ruby-2.5.1/bin:/home/redmine/.rvm/gems/ruby-2.5.1@global/bin:/home/redmine/.rvm/rubies/ruby-2.5.1/bin:/home/redmine/.rvm/bin:/usr/local/bin:/bin:/usr/bin:/usr/local/sbin:/usr/sbin:/sbin:/home/redmine/bin
GEM_PATH=/home/redmine/.rvm/gems/ruby-2.5.1:/home/redmine/.rvm/gems/ruby-2.5.1@global
command(2): run_gem_wrappers regenerate
++ gem_install gem-wrappers
++ typeset gem_name gem_version version_check
++ gem_version=
++ __rvm_parse_gems_args gem-wrappers
++ typeset gem=gem-wrappers
++ __rvm_string_match gem-wrappers '*.gem$'
++ typeset _string
++ _string=gem-wrappers
++ shift
++ ((  1  ))
++ case "${_string}" in
++ shift
++ ((  0  ))
++ return 1
++ gem_name=gem-wrappers
++ case "$gem" in
++ [[ -z '' ]]
++ __rvm_db gem_gem-wrappers_version gem_version
++ typeset value key variable
++ key=gem_gem-wrappers_version
++ variable=gem_version
++ value=
++ [[ -f /home/redmine/.rvm/user/db ]]
+++ __rvm_db_ /home/redmine/.rvm/user/db gem_gem-wrappers_version
+++ typeset __db __key __value
+++ __db=/home/redmine/.rvm/user/db
+++ __key=gem_gem-wrappers_version
+++ shift 2
+++ __value=
+++ case "${__value}" in
+++ __rvm_db_get /home/redmine/.rvm/user/db gem_gem-wrappers_version
+++ [[ -f /home/redmine/.rvm/user/db ]]
+++ __rvm_sed -n -e '\#^gem_gem-wrappers_version=# { s#^gem_gem-wrappers_version=##;; p; }' -e '/^$/d'
+++ sed -n -e '\#^gem_gem-wrappers_version=# { s#^gem_gem-wrappers_version=##;; p; }' -e '/^$/d'
++ value=
++ [[ -z '' ]]
++ [[ -f /home/redmine/.rvm/config/db ]]
+++ __rvm_db_ /home/redmine/.rvm/config/db gem_gem-wrappers_version
+++ typeset __db __key __value
+++ __db=/home/redmine/.rvm/config/db
+++ __key=gem_gem-wrappers_version
+++ shift 2
+++ __value=
+++ case "${__value}" in
+++ __rvm_db_get /home/redmine/.rvm/config/db gem_gem-wrappers_version
+++ [[ -f /home/redmine/.rvm/config/db ]]
+++ __rvm_sed -n -e '\#^gem_gem-wrappers_version=# { s#^gem_gem-wrappers_version=##;; p; }' -e '/^$/d'
+++ sed -n -e '\#^gem_gem-wrappers_version=# { s#^gem_gem-wrappers_version=##;; p; }' -e '/^$/d'
++ value='>=1.4.0'
++ [[ -n >=1.4.0 ]]
++ [[ -n gem_version ]]
++ eval 'gem_version='\''>=1.4.0'\'''
+++ gem_version='>=1.4.0'
++ true
++ ((  0 == 0  ))
++ is_gem_installed
++ typeset gem_spec
++ gem_spec='gem '\''gem-wrappers'\'''
++ [[ -n >=1.4.0 ]]
++ gem_spec+=', '\''>=1.4.0'\'''
++ version_check=1.4.0
++ ls --color=auto -ld /home/redmine/.rvm/gems/ruby-2.5.1/gems/gem-wrappers-1.4.0
++ /home/redmine/.rvm/rubies/ruby-2.5.1/bin/ruby -rrubygems -e 'gem '\''gem-wrappers'\'', '\''>=1.4.0'\'''
++ rvm_log 'gem gem-wrappers >=1.4.0 is already installed'
++ [[ '' == 1 ]]
++ printf %b 'gem gem-wrappers >=1.4.0 is already installed\n'
++ return 0
++ gem wrappers regenerate
