[2018-09-30 21:54:40] __rvm_make
__rvm_make () 
{ 
    \make "$@" || return $?
}
current path: /home/redmine/.rvm/src/ruby-2.5.1
PATH=/usr/local/bin:/bin:/usr/bin:/usr/local/sbin:/usr/sbin:/sbin:/home/redmine/.rvm/bin:/home/redmine/bin
command(2): __rvm_make install
++ make install
generating x86_64-linux-fake.rb
x86_64-linux-fake.rb updated
	CC = gcc
	LD = ld
	LDSHARED = gcc -shared
	CFLAGS = -O3 -ggdb3 -Wall -Wextra -Wno-unused-parameter -Wno-parentheses -Wno-long-long -Wno-missing-field-initializers -Wno-tautological-compare -Wno-parentheses-equality -Wno-constant-logical-operand -Wno-self-assign -Wunused-variable -Wimplicit-int -Wpointer-arith -Wwrite-strings -Wdeclaration-after-statement -Wimplicit-function-declaration -Wdeprecated-declarations -Wno-packed-bitfield-compat -std=gnu99  -fPIC 
	XCFLAGS = -D_FORTIFY_SOURCE=2 -fstack-protector -fno-strict-overflow -fvisibility=hidden -DRUBY_EXPORT
	CPPFLAGS =   -I. -I.ext/include/x86_64-linux -I./include -I. -I./enc/unicode/10.0.0
	DLDFLAGS = -Wl,-soname,libruby.so.2.5  -fstack-protector  
	SOLIBS = -lpthread -lrt -ldl -lcrypt -lm  
	LANG = fr_FR.UTF-8
	LC_ALL = 
	LC_CTYPE = 
gcc (GCC) 4.4.7 20120313 (Red Hat 4.4.7-23)
Copyright © 2010 Free Software Foundation, Inc.
Ce logiciel est libre; voir les sources pour les conditions de copie.  Il n'y a PAS
GARANTIE; ni implicite pour le MARCHANDAGE ou pour un BUT PARTICULIER.

generating enc.mk
making srcs under enc
make[1]: entrant dans le répertoire « /home/redmine/.rvm/src/ruby-2.5.1 »
make[1]: Rien à faire pour « srcs ».
make[1]: quittant le répertoire « /home/redmine/.rvm/src/ruby-2.5.1 »
generating transdb.h
transdb.h unchanged
generating makefiles ext/configure-ext.mk
ext/configure-ext.mk updated
make[1]: entrant dans le répertoire « /home/redmine/.rvm/src/ruby-2.5.1 »
make[1]: quittant le répertoire « /home/redmine/.rvm/src/ruby-2.5.1 »
generating makefile exts.mk
exts.mk unchanged
make[1]: entrant dans le répertoire « /home/redmine/.rvm/src/ruby-2.5.1 »
make[2]: entrant dans le répertoire « /home/redmine/.rvm/src/ruby-2.5.1/ext/sdbm »
make[2]: quittant le répertoire « /home/redmine/.rvm/src/ruby-2.5.1/ext/sdbm »
make[2]: entrant dans le répertoire « /home/redmine/.rvm/src/ruby-2.5.1/ext/openssl »
make[2]: quittant le répertoire « /home/redmine/.rvm/src/ruby-2.5.1/ext/openssl »
make[2]: entrant dans le répertoire « /home/redmine/.rvm/src/ruby-2.5.1/ext/continuation »
make[2]: quittant le répertoire « /home/redmine/.rvm/src/ruby-2.5.1/ext/continuation »
make[2]: entrant dans le répertoire « /home/redmine/.rvm/src/ruby-2.5.1/ext/pathname »
make[2]: quittant le répertoire « /home/redmine/.rvm/src/ruby-2.5.1/ext/pathname »
make[2]: entrant dans le répertoire « /home/redmine/.rvm/src/ruby-2.5.1/ext/psych »
make[2]: quittant le répertoire « /home/redmine/.rvm/src/ruby-2.5.1/ext/psych »
make[2]: entrant dans le répertoire « /home/redmine/.rvm/src/ruby-2.5.1/ext/syslog »
make[2]: quittant le répertoire « /home/redmine/.rvm/src/ruby-2.5.1/ext/syslog »
make[2]: entrant dans le répertoire « /home/redmine/.rvm/src/ruby-2.5.1/ext/digest »
make[2]: quittant le répertoire « /home/redmine/.rvm/src/ruby-2.5.1/ext/digest »
make[2]: entrant dans le répertoire « /home/redmine/.rvm/src/ruby-2.5.1/ext/digest/bubblebabble »
make[2]: quittant le répertoire « /home/redmine/.rvm/src/ruby-2.5.1/ext/digest/bubblebabble »
make[2]: entrant dans le répertoire « /home/redmine/.rvm/src/ruby-2.5.1/ext/digest/md5 »
make[2]: quittant le répertoire « /home/redmine/.rvm/src/ruby-2.5.1/ext/digest/md5 »
make[2]: entrant dans le répertoire « /home/redmine/.rvm/src/ruby-2.5.1/ext/digest/rmd160 »
make[2]: quittant le répertoire « /home/redmine/.rvm/src/ruby-2.5.1/ext/digest/rmd160 »
make[2]: entrant dans le répertoire « /home/redmine/.rvm/src/ruby-2.5.1/ext/digest/sha1 »
make[2]: quittant le répertoire « /home/redmine/.rvm/src/ruby-2.5.1/ext/digest/sha1 »
make[2]: entrant dans le répertoire « /home/redmine/.rvm/src/ruby-2.5.1/ext/digest/sha2 »
make[2]: quittant le répertoire « /home/redmine/.rvm/src/ruby-2.5.1/ext/digest/sha2 »
make[2]: entrant dans le répertoire « /home/redmine/.rvm/src/ruby-2.5.1/ext/pty »
make[2]: quittant le répertoire « /home/redmine/.rvm/src/ruby-2.5.1/ext/pty »
make[2]: entrant dans le répertoire « /home/redmine/.rvm/src/ruby-2.5.1/ext/gdbm »
make[2]: quittant le répertoire « /home/redmine/.rvm/src/ruby-2.5.1/ext/gdbm »
make[2]: entrant dans le répertoire « /home/redmine/.rvm/src/ruby-2.5.1/ext/socket »
make[2]: quittant le répertoire « /home/redmine/.rvm/src/ruby-2.5.1/ext/socket »
make[2]: entrant dans le répertoire « /home/redmine/.rvm/src/ruby-2.5.1/ext/cgi/escape »
make[2]: quittant le répertoire « /home/redmine/.rvm/src/ruby-2.5.1/ext/cgi/escape »
make[2]: entrant dans le répertoire « /home/redmine/.rvm/src/ruby-2.5.1/ext/etc »
make[2]: quittant le répertoire « /home/redmine/.rvm/src/ruby-2.5.1/ext/etc »
make[2]: entrant dans le répertoire « /home/redmine/.rvm/src/ruby-2.5.1/ext/date »
make[2]: quittant le répertoire « /home/redmine/.rvm/src/ruby-2.5.1/ext/date »
make[2]: entrant dans le répertoire « /home/redmine/.rvm/src/ruby-2.5.1/ext/objspace »
make[2]: quittant le répertoire « /home/redmine/.rvm/src/ruby-2.5.1/ext/objspace »
make[2]: entrant dans le répertoire « /home/redmine/.rvm/src/ruby-2.5.1/ext/dbm »
make[2]: quittant le répertoire « /home/redmine/.rvm/src/ruby-2.5.1/ext/dbm »
make[2]: entrant dans le répertoire « /home/redmine/.rvm/src/ruby-2.5.1/ext/bigdecimal »
make[2]: quittant le répertoire « /home/redmine/.rvm/src/ruby-2.5.1/ext/bigdecimal »
make[2]: entrant dans le répertoire « /home/redmine/.rvm/src/ruby-2.5.1/ext/fiber »
make[2]: quittant le répertoire « /home/redmine/.rvm/src/ruby-2.5.1/ext/fiber »
make[2]: entrant dans le répertoire « /home/redmine/.rvm/src/ruby-2.5.1/ext/json »
make[2]: quittant le répertoire « /home/redmine/.rvm/src/ruby-2.5.1/ext/json »
make[2]: entrant dans le répertoire « /home/redmine/.rvm/src/ruby-2.5.1/ext/json/generator »
make[2]: quittant le répertoire « /home/redmine/.rvm/src/ruby-2.5.1/ext/json/generator »
make[2]: entrant dans le répertoire « /home/redmine/.rvm/src/ruby-2.5.1/ext/json/parser »
make[2]: quittant le répertoire « /home/redmine/.rvm/src/ruby-2.5.1/ext/json/parser »
make[2]: entrant dans le répertoire « /home/redmine/.rvm/src/ruby-2.5.1/ext/coverage »
make[2]: quittant le répertoire « /home/redmine/.rvm/src/ruby-2.5.1/ext/coverage »
make[2]: entrant dans le répertoire « /home/redmine/.rvm/src/ruby-2.5.1/ext/rbconfig/sizeof »
make[2]: quittant le répertoire « /home/redmine/.rvm/src/ruby-2.5.1/ext/rbconfig/sizeof »
make[2]: entrant dans le répertoire « /home/redmine/.rvm/src/ruby-2.5.1/ext/nkf »
make[2]: quittant le répertoire « /home/redmine/.rvm/src/ruby-2.5.1/ext/nkf »
make[2]: entrant dans le répertoire « /home/redmine/.rvm/src/ruby-2.5.1/ext/racc/cparse »
make[2]: quittant le répertoire « /home/redmine/.rvm/src/ruby-2.5.1/ext/racc/cparse »
make[2]: entrant dans le répertoire « /home/redmine/.rvm/src/ruby-2.5.1/ext/ripper »
make[2]: quittant le répertoire « /home/redmine/.rvm/src/ruby-2.5.1/ext/ripper »
make[2]: entrant dans le répertoire « /home/redmine/.rvm/src/ruby-2.5.1/ext/fiddle »
make[2]: quittant le répertoire « /home/redmine/.rvm/src/ruby-2.5.1/ext/fiddle »
make[2]: entrant dans le répertoire « /home/redmine/.rvm/src/ruby-2.5.1/ext/readline »
make[2]: quittant le répertoire « /home/redmine/.rvm/src/ruby-2.5.1/ext/readline »
make[2]: entrant dans le répertoire « /home/redmine/.rvm/src/ruby-2.5.1/ext/-test-/array/resize »
make[2]: quittant le répertoire « /home/redmine/.rvm/src/ruby-2.5.1/ext/-test-/array/resize »
make[2]: entrant dans le répertoire « /home/redmine/.rvm/src/ruby-2.5.1/ext/-test-/bignum »
make[2]: quittant le répertoire « /home/redmine/.rvm/src/ruby-2.5.1/ext/-test-/bignum »
make[2]: entrant dans le répertoire « /home/redmine/.rvm/src/ruby-2.5.1/ext/-test-/bug-3571 »
make[2]: quittant le répertoire « /home/redmine/.rvm/src/ruby-2.5.1/ext/-test-/bug-3571 »
make[2]: entrant dans le répertoire « /home/redmine/.rvm/src/ruby-2.5.1/ext/-test-/bug-5832 »
make[2]: quittant le répertoire « /home/redmine/.rvm/src/ruby-2.5.1/ext/-test-/bug-5832 »
make[2]: entrant dans le répertoire « /home/redmine/.rvm/src/ruby-2.5.1/ext/-test-/bug_reporter »
make[2]: quittant le répertoire « /home/redmine/.rvm/src/ruby-2.5.1/ext/-test-/bug_reporter »
make[2]: entrant dans le répertoire « /home/redmine/.rvm/src/ruby-2.5.1/ext/-test-/class »
make[2]: quittant le répertoire « /home/redmine/.rvm/src/ruby-2.5.1/ext/-test-/class »
make[2]: entrant dans le répertoire « /home/redmine/.rvm/src/ruby-2.5.1/ext/-test-/debug »
make[2]: quittant le répertoire « /home/redmine/.rvm/src/ruby-2.5.1/ext/-test-/debug »
make[2]: entrant dans le répertoire « /home/redmine/.rvm/src/ruby-2.5.1/ext/-test-/dln/empty »
make[2]: quittant le répertoire « /home/redmine/.rvm/src/ruby-2.5.1/ext/-test-/dln/empty »
make[2]: entrant dans le répertoire « /home/redmine/.rvm/src/ruby-2.5.1/ext/-test-/exception »
make[2]: quittant le répertoire « /home/redmine/.rvm/src/ruby-2.5.1/ext/-test-/exception »
make[2]: entrant dans le répertoire « /home/redmine/.rvm/src/ruby-2.5.1/ext/-test-/fatal »
make[2]: quittant le répertoire « /home/redmine/.rvm/src/ruby-2.5.1/ext/-test-/fatal »
make[2]: entrant dans le répertoire « /home/redmine/.rvm/src/ruby-2.5.1/ext/-test-/file »
make[2]: quittant le répertoire « /home/redmine/.rvm/src/ruby-2.5.1/ext/-test-/file »
make[2]: entrant dans le répertoire « /home/redmine/.rvm/src/ruby-2.5.1/ext/-test-/float »
make[2]: quittant le répertoire « /home/redmine/.rvm/src/ruby-2.5.1/ext/-test-/float »
make[2]: entrant dans le répertoire « /home/redmine/.rvm/src/ruby-2.5.1/ext/-test-/funcall »
make[2]: quittant le répertoire « /home/redmine/.rvm/src/ruby-2.5.1/ext/-test-/funcall »
make[2]: entrant dans le répertoire « /home/redmine/.rvm/src/ruby-2.5.1/ext/-test-/gvl/call_without_gvl »
make[2]: quittant le répertoire « /home/redmine/.rvm/src/ruby-2.5.1/ext/-test-/gvl/call_without_gvl »
make[2]: entrant dans le répertoire « /home/redmine/.rvm/src/ruby-2.5.1/ext/-test-/hash »
make[2]: quittant le répertoire « /home/redmine/.rvm/src/ruby-2.5.1/ext/-test-/hash »
make[2]: entrant dans le répertoire « /home/redmine/.rvm/src/ruby-2.5.1/ext/-test-/integer »
make[2]: quittant le répertoire « /home/redmine/.rvm/src/ruby-2.5.1/ext/-test-/integer »
make[2]: entrant dans le répertoire « /home/redmine/.rvm/src/ruby-2.5.1/ext/-test-/iseq_load »
make[2]: quittant le répertoire « /home/redmine/.rvm/src/ruby-2.5.1/ext/-test-/iseq_load »
make[2]: entrant dans le répertoire « /home/redmine/.rvm/src/ruby-2.5.1/ext/-test-/iter »
make[2]: quittant le répertoire « /home/redmine/.rvm/src/ruby-2.5.1/ext/-test-/iter »
make[2]: entrant dans le répertoire « /home/redmine/.rvm/src/ruby-2.5.1/ext/-test-/load/dot.dot »
make[2]: quittant le répertoire « /home/redmine/.rvm/src/ruby-2.5.1/ext/-test-/load/dot.dot »
make[2]: entrant dans le répertoire « /home/redmine/.rvm/src/ruby-2.5.1/ext/-test-/load/protect »
make[2]: quittant le répertoire « /home/redmine/.rvm/src/ruby-2.5.1/ext/-test-/load/protect »
make[2]: entrant dans le répertoire « /home/redmine/.rvm/src/ruby-2.5.1/ext/-test-/marshal/compat »
make[2]: quittant le répertoire « /home/redmine/.rvm/src/ruby-2.5.1/ext/-test-/marshal/compat »
make[2]: entrant dans le répertoire « /home/redmine/.rvm/src/ruby-2.5.1/ext/-test-/marshal/internal_ivar »
make[2]: quittant le répertoire « /home/redmine/.rvm/src/ruby-2.5.1/ext/-test-/marshal/internal_ivar »
make[2]: entrant dans le répertoire « /home/redmine/.rvm/src/ruby-2.5.1/ext/-test-/marshal/usr »
make[2]: quittant le répertoire « /home/redmine/.rvm/src/ruby-2.5.1/ext/-test-/marshal/usr »
make[2]: entrant dans le répertoire « /home/redmine/.rvm/src/ruby-2.5.1/ext/-test-/memory_status »
make[2]: quittant le répertoire « /home/redmine/.rvm/src/ruby-2.5.1/ext/-test-/memory_status »
make[2]: entrant dans le répertoire « /home/redmine/.rvm/src/ruby-2.5.1/ext/-test-/method »
make[2]: quittant le répertoire « /home/redmine/.rvm/src/ruby-2.5.1/ext/-test-/method »
make[2]: entrant dans le répertoire « /home/redmine/.rvm/src/ruby-2.5.1/ext/-test-/notimplement »
make[2]: quittant le répertoire « /home/redmine/.rvm/src/ruby-2.5.1/ext/-test-/notimplement »
make[2]: entrant dans le répertoire « /home/redmine/.rvm/src/ruby-2.5.1/ext/-test-/num2int »
make[2]: quittant le répertoire « /home/redmine/.rvm/src/ruby-2.5.1/ext/-test-/num2int »
make[2]: entrant dans le répertoire « /home/redmine/.rvm/src/ruby-2.5.1/ext/-test-/path_to_class »
make[2]: quittant le répertoire « /home/redmine/.rvm/src/ruby-2.5.1/ext/-test-/path_to_class »
make[2]: entrant dans le répertoire « /home/redmine/.rvm/src/ruby-2.5.1/ext/-test-/popen_deadlock »
make[2]: quittant le répertoire « /home/redmine/.rvm/src/ruby-2.5.1/ext/-test-/popen_deadlock »
make[2]: entrant dans le répertoire « /home/redmine/.rvm/src/ruby-2.5.1/ext/-test-/postponed_job »
make[2]: quittant le répertoire « /home/redmine/.rvm/src/ruby-2.5.1/ext/-test-/postponed_job »
make[2]: entrant dans le répertoire « /home/redmine/.rvm/src/ruby-2.5.1/ext/-test-/printf »
make[2]: quittant le répertoire « /home/redmine/.rvm/src/ruby-2.5.1/ext/-test-/printf »
make[2]: entrant dans le répertoire « /home/redmine/.rvm/src/ruby-2.5.1/ext/-test-/proc »
make[2]: quittant le répertoire « /home/redmine/.rvm/src/ruby-2.5.1/ext/-test-/proc »
make[2]: entrant dans le répertoire « /home/redmine/.rvm/src/ruby-2.5.1/ext/-test-/rational »
make[2]: quittant le répertoire « /home/redmine/.rvm/src/ruby-2.5.1/ext/-test-/rational »
make[2]: entrant dans le répertoire « /home/redmine/.rvm/src/ruby-2.5.1/ext/-test-/recursion »
make[2]: quittant le répertoire « /home/redmine/.rvm/src/ruby-2.5.1/ext/-test-/recursion »
make[2]: entrant dans le répertoire « /home/redmine/.rvm/src/ruby-2.5.1/ext/-test-/regexp »
make[2]: quittant le répertoire « /home/redmine/.rvm/src/ruby-2.5.1/ext/-test-/regexp »
make[2]: entrant dans le répertoire « /home/redmine/.rvm/src/ruby-2.5.1/ext/-test-/scan_args »
make[2]: quittant le répertoire « /home/redmine/.rvm/src/ruby-2.5.1/ext/-test-/scan_args »
make[2]: entrant dans le répertoire « /home/redmine/.rvm/src/ruby-2.5.1/ext/-test-/st/foreach »
make[2]: quittant le répertoire « /home/redmine/.rvm/src/ruby-2.5.1/ext/-test-/st/foreach »
make[2]: entrant dans le répertoire « /home/redmine/.rvm/src/ruby-2.5.1/ext/-test-/st/numhash »
make[2]: quittant le répertoire « /home/redmine/.rvm/src/ruby-2.5.1/ext/-test-/st/numhash »
make[2]: entrant dans le répertoire « /home/redmine/.rvm/src/ruby-2.5.1/ext/-test-/st/update »
make[2]: quittant le répertoire « /home/redmine/.rvm/src/ruby-2.5.1/ext/-test-/st/update »
make[2]: entrant dans le répertoire « /home/redmine/.rvm/src/ruby-2.5.1/ext/-test-/string »
make[2]: quittant le répertoire « /home/redmine/.rvm/src/ruby-2.5.1/ext/-test-/string »
make[2]: entrant dans le répertoire « /home/redmine/.rvm/src/ruby-2.5.1/ext/-test-/struct »
make[2]: quittant le répertoire « /home/redmine/.rvm/src/ruby-2.5.1/ext/-test-/struct »
make[2]: entrant dans le répertoire « /home/redmine/.rvm/src/ruby-2.5.1/ext/-test-/symbol »
make[2]: quittant le répertoire « /home/redmine/.rvm/src/ruby-2.5.1/ext/-test-/symbol »
make[2]: entrant dans le répertoire « /home/redmine/.rvm/src/ruby-2.5.1/ext/-test-/thread_fd_close »
make[2]: quittant le répertoire « /home/redmine/.rvm/src/ruby-2.5.1/ext/-test-/thread_fd_close »
make[2]: entrant dans le répertoire « /home/redmine/.rvm/src/ruby-2.5.1/ext/-test-/time »
make[2]: quittant le répertoire « /home/redmine/.rvm/src/ruby-2.5.1/ext/-test-/time »
make[2]: entrant dans le répertoire « /home/redmine/.rvm/src/ruby-2.5.1/ext/-test-/tracepoint »
make[2]: quittant le répertoire « /home/redmine/.rvm/src/ruby-2.5.1/ext/-test-/tracepoint »
make[2]: entrant dans le répertoire « /home/redmine/.rvm/src/ruby-2.5.1/ext/-test-/typeddata »
make[2]: quittant le répertoire « /home/redmine/.rvm/src/ruby-2.5.1/ext/-test-/typeddata »
make[2]: entrant dans le répertoire « /home/redmine/.rvm/src/ruby-2.5.1/ext/-test-/vm »
make[2]: quittant le répertoire « /home/redmine/.rvm/src/ruby-2.5.1/ext/-test-/vm »
make[2]: entrant dans le répertoire « /home/redmine/.rvm/src/ruby-2.5.1/ext/-test-/wait_for_single_fd »
make[2]: quittant le répertoire « /home/redmine/.rvm/src/ruby-2.5.1/ext/-test-/wait_for_single_fd »
make[2]: entrant dans le répertoire « /home/redmine/.rvm/src/ruby-2.5.1/ext/rubyvm »
make[2]: quittant le répertoire « /home/redmine/.rvm/src/ruby-2.5.1/ext/rubyvm »
make[2]: entrant dans le répertoire « /home/redmine/.rvm/src/ruby-2.5.1/ext/io/console »
make[2]: quittant le répertoire « /home/redmine/.rvm/src/ruby-2.5.1/ext/io/console »
make[2]: entrant dans le répertoire « /home/redmine/.rvm/src/ruby-2.5.1/ext/io/nonblock »
linking shared-object io/nonblock.so
make[2]: quittant le répertoire « /home/redmine/.rvm/src/ruby-2.5.1/ext/io/nonblock »
make[2]: entrant dans le répertoire « /home/redmine/.rvm/src/ruby-2.5.1/ext/io/wait »
make[2]: quittant le répertoire « /home/redmine/.rvm/src/ruby-2.5.1/ext/io/wait »
make[2]: entrant dans le répertoire « /home/redmine/.rvm/src/ruby-2.5.1/ext/strscan »
make[2]: quittant le répertoire « /home/redmine/.rvm/src/ruby-2.5.1/ext/strscan »
make[2]: entrant dans le répertoire « /home/redmine/.rvm/src/ruby-2.5.1/ext/zlib »
make[2]: quittant le répertoire « /home/redmine/.rvm/src/ruby-2.5.1/ext/zlib »
make[2]: entrant dans le répertoire « /home/redmine/.rvm/src/ruby-2.5.1/ext/fcntl »
make[2]: quittant le répertoire « /home/redmine/.rvm/src/ruby-2.5.1/ext/fcntl »
make[2]: entrant dans le répertoire « /home/redmine/.rvm/src/ruby-2.5.1/ext/stringio »
make[2]: quittant le répertoire « /home/redmine/.rvm/src/ruby-2.5.1/ext/stringio »
make[2]: entrant dans le répertoire « /home/redmine/.rvm/src/ruby-2.5.1 »
make[2]: « ruby » est à jour.
make[2]: quittant le répertoire « /home/redmine/.rvm/src/ruby-2.5.1 »
make[1]: quittant le répertoire « /home/redmine/.rvm/src/ruby-2.5.1 »
make[1]: entrant dans le répertoire « /home/redmine/.rvm/src/ruby-2.5.1 »
*** Following extensions are not compiled:
gdbm:
	Could not be configured. It will not be installed.
	Check ext/gdbm/mkmf.log for more details.
dbm:
	Could not be configured. It will not be installed.
	Check ext/dbm/mkmf.log for more details.
*** Fix the problems, then remove these directories and try again if you want.
make[1]: quittant le répertoire « /home/redmine/.rvm/src/ruby-2.5.1 »
making enc
make[1]: entrant dans le répertoire « /home/redmine/.rvm/src/ruby-2.5.1 »
make[1]: Rien à faire pour « enc ».
make[1]: quittant le répertoire « /home/redmine/.rvm/src/ruby-2.5.1 »
making trans
make[1]: entrant dans le répertoire « /home/redmine/.rvm/src/ruby-2.5.1 »
make[1]: Rien à faire pour « ./enc/trans ».
make[1]: quittant le répertoire « /home/redmine/.rvm/src/ruby-2.5.1 »
making encs
make[1]: entrant dans le répertoire « /home/redmine/.rvm/src/ruby-2.5.1 »
make[1]: Rien à faire pour « encs ».
make[1]: quittant le répertoire « /home/redmine/.rvm/src/ruby-2.5.1 »
./miniruby -I./lib -I. -I.ext/common  ./tool/runruby.rb --extout=.ext  -- --disable-gems -r./x86_64-linux-fake ./tool/rbinstall.rb --make="make" --dest-dir="" --extout=".ext" --mflags="" --make-flags="" --data-mode=0644 --prog-mode=0755 --installed-list .installed.list --mantype="doc"
installing binary commands:         /home/redmine/.rvm/rubies/ruby-2.5.1/bin
installing base libraries:          /home/redmine/.rvm/rubies/ruby-2.5.1/lib
installing arch files:              /home/redmine/.rvm/rubies/ruby-2.5.1/lib/ruby/2.5.0/x86_64-linux
installing pkgconfig data:          /home/redmine/.rvm/rubies/ruby-2.5.1/lib/pkgconfig
installing command scripts:         /home/redmine/.rvm/rubies/ruby-2.5.1/bin
installing library scripts:         /home/redmine/.rvm/rubies/ruby-2.5.1/lib/ruby/2.5.0
installing common headers:          /home/redmine/.rvm/rubies/ruby-2.5.1/include/ruby-2.5.0
installing manpages:                /home/redmine/.rvm/rubies/ruby-2.5.1/share/man/man1
installing extension objects:       /home/redmine/.rvm/rubies/ruby-2.5.1/lib/ruby/2.5.0/x86_64-linux
installing extension objects:       /home/redmine/.rvm/rubies/ruby-2.5.1/lib/ruby/site_ruby/2.5.0/x86_64-linux
installing extension objects:       /home/redmine/.rvm/rubies/ruby-2.5.1/lib/ruby/vendor_ruby/2.5.0/x86_64-linux
installing extension headers:       /home/redmine/.rvm/rubies/ruby-2.5.1/include/ruby-2.5.0/x86_64-linux
installing extension scripts:       /home/redmine/.rvm/rubies/ruby-2.5.1/lib/ruby/2.5.0
installing extension scripts:       /home/redmine/.rvm/rubies/ruby-2.5.1/lib/ruby/site_ruby/2.5.0
installing extension scripts:       /home/redmine/.rvm/rubies/ruby-2.5.1/lib/ruby/vendor_ruby/2.5.0
installing extension headers:       /home/redmine/.rvm/rubies/ruby-2.5.1/include/ruby-2.5.0/ruby
installing default gems from lib:   /home/redmine/.rvm/rubies/ruby-2.5.1/lib/ruby/gems/2.5.0 (build_info, cache, doc, extensions, gems, specifications)
                                    cmath 1.0.0
                                    csv 1.0.0
                                    fileutils 1.0.2
                                    ipaddr 1.2.0
                                    rdoc 6.0.1
                                    scanf 1.0.0
                                    webrick 1.4.2
installing default gems from ext:   /home/redmine/.rvm/rubies/ruby-2.5.1/lib/ruby/gems/2.5.0 (build_info, cache, doc, extensions, gems, specifications)
                                    bigdecimal 1.3.4
                                    date 1.0.0
                                    etc 1.0.0
                                    fcntl 1.0.0
                                    fiddle 1.0.0
                                    io-console 0.4.6
                                    json 2.1.0
                                    openssl 2.1.0
                                    psych 3.0.2
                                    sdbm 1.0.0
                                    stringio 0.0.1
                                    strscan 1.0.0
                                    zlib 1.0.0
installing bundled gems:            /home/redmine/.rvm/rubies/ruby-2.5.1/lib/ruby/gems/2.5.0 (build_info, cache, doc, extensions, gems, specifications)
                                    minitest 5.10.3
                                    net-telnet 0.1.1
                                    test-unit 3.2.7
                                    power_assert 1.1.1
                                    xmlrpc 0.3.0
                                    did_you_mean 1.2.0
                                    rake 12.3.0
