[2018-09-30 21:52:52] __rvm_post_configure_ruby
__rvm_post_configure_ruby () 
{ 
    __rvm_post_configure_ruby_fix_athlon_sse2;
    __rvm_post_configure_ruby_update_setup
}
current path: /home/redmine/.rvm/src/ruby-2.5.1
PATH=/usr/local/bin:/bin:/usr/bin:/usr/local/sbin:/usr/sbin:/sbin:/home/redmine/.rvm/bin:/home/redmine/bin
command(1): __rvm_post_configure_ruby
++ __rvm_post_configure_ruby_fix_athlon_sse2
++ [[ -f /proc/cpuinfo ]]
++ [[ -f Makefile ]]
++ __rvm_grep '^XCFLAGS = .*-msse2' Makefile
++ GREP_OPTIONS=
++ command grep '^XCFLAGS = .*-msse2' Makefile
++ grep '^XCFLAGS = .*-msse2' Makefile
++ return 1
++ __rvm_post_configure_ruby_update_setup
++ typeset option
++ ((  0 == 1  ))
